<?xml version="1.0" encoding="UTF-8"?>
<!-- Generated by org.testng.reporters.JUnitReportReporter -->
<testsuite hostname="DESKTOP-5KK4NSK" name="mavenTestNG.MavenTestusTestNG" tests="1" failures="0" timestamp="13 Jan 2020 06:29:39 GMT" time="0.024" errors="0">
  <testcase name="f" time="0.024" classname="mavenTestNG.MavenTestusTestNG"/>
</testsuite> <!-- mavenTestNG.MavenTestusTestNG -->
